e:\作业\c++\cr34_吴强_20190903-项目\stusystem\release\vc142.pdb
e:\作业\c++\cr34_吴强_20190903-项目\stusystem\release\userinput.obj
e:\作业\c++\cr34_吴强_20190903-项目\stusystem\release\mui.obj
e:\作业\c++\cr34_吴强_20190903-项目\stusystem\release\mtree.obj
e:\作业\c++\cr34_吴强_20190903-项目\stusystem\release\mstring.obj
e:\作业\c++\cr34_吴强_20190903-项目\stusystem\release\mfile.obj
e:\作业\c++\cr34_吴强_20190903-项目\stusystem\release\console.obj
e:\作业\c++\cr34_吴强_20190903-项目\stusystem\release\mdata.obj
e:\作业\c++\cr34_吴强_20190903-项目\stusystem\release\mexception.obj
e:\作业\c++\cr34_吴强_20190903-项目\stusystem\release\main.obj
e:\作业\c++\cr34_吴强_20190903-项目\stusystem\release\action.obj
e:\作业\c++\cr34_吴强_20190903-项目\stusystem\release\stusystem.exe
e:\作业\c++\cr34_吴强_20190903-项目\stusystem\release\stusystem.pdb
e:\作业\c++\cr34_吴强_20190903-项目\stusystem\release\stusystem.ipdb
e:\作业\c++\cr34_吴强_20190903-项目\stusystem\release\stusystem.iobj
e:\作业\c++\cr34_吴强_20190903-项目\stusystem\release\stusystem.tlog\cl.command.1.tlog
e:\作业\c++\cr34_吴强_20190903-项目\stusystem\release\stusystem.tlog\cl.read.1.tlog
e:\作业\c++\cr34_吴强_20190903-项目\stusystem\release\stusystem.tlog\cl.write.1.tlog
e:\作业\c++\cr34_吴强_20190903-项目\stusystem\release\stusystem.tlog\link.command.1.tlog
e:\作业\c++\cr34_吴强_20190903-项目\stusystem\release\stusystem.tlog\link.read.1.tlog
e:\作业\c++\cr34_吴强_20190903-项目\stusystem\release\stusystem.tlog\link.write.1.tlog
e:\作业\c++\cr34_吴强_20190903-项目\stusystem\release\stusystem.tlog\stusystem.write.1u.tlog
